<?xml version="1.0" encoding="UTF-8"?>
<testsuite xmlns:xsi="http://www.w3.org/2001/XMLSchema-instance" xsi:noNamespaceSchemaLocation="https://maven.apache.org/surefire/maven-surefire-plugin/xsd/surefire-test-report.xsd" name="com.gupaoedu.AppTest" time="0.046" tests="1" errors="0" skipped="0" failures="0">
  <properties>
    <property name="sun.desktop" value="windows"/>
    <property name="awt.toolkit" value="sun.awt.windows.WToolkit"/>
    <property name="file.encoding.pkg" value="sun.io"/>
    <property name="java.specification.version" value="1.8"/>
    <property name="sun.cpu.isalist" value="amd64"/>
    <property name="sun.jnu.encoding" value="GBK"/>
    <property name="java.class.path" value="C:\MySourceGithub\MySource\java\Spring\Feign\spring-cloud-user-provider-use-config-server\user-api\target\test-classes;C:\MySourceGithub\MySource\java\Spring\Feign\spring-cloud-user-provider-use-config-server\user-api\target\classes;C:\Users\JiaXie\MavenRepository\junit\junit\4.11\junit-4.11.jar;C:\Users\JiaXie\MavenRepository\org\hamcrest\hamcrest-core\2.2\hamcrest-core-2.2.jar;C:\Users\JiaXie\MavenRepository\org\hamcrest\hamcrest\2.2\hamcrest-2.2.jar;C:\Users\JiaXie\MavenRepository\org\springframework\cloud\spring-cloud-starter-openfeign\3.0.0\spring-cloud-starter-openfeign-3.0.0.jar;C:\Users\JiaXie\MavenRepository\org\springframework\cloud\spring-cloud-starter\3.0.0\spring-cloud-starter-3.0.0.jar;C:\Users\JiaXie\MavenRepository\org\springframework\boot\spring-boot-starter\2.4.2\spring-boot-starter-2.4.2.jar;C:\Users\JiaXie\MavenRepository\org\springframework\boot\spring-boot\2.4.2\spring-boot-2.4.2.jar;C:\Users\JiaXie\MavenRepository\org\springframework\spring-context\5.3.3\spring-context-5.3.3.jar;C:\Users\JiaXie\MavenRepository\org\springframework\spring-expression\5.3.3\spring-expression-5.3.3.jar;C:\Users\JiaXie\MavenRepository\org\springframework\boot\spring-boot-starter-logging\2.4.2\spring-boot-starter-logging-2.4.2.jar;C:\Users\JiaXie\MavenRepository\ch\qos\logback\logback-classic\1.2.3\logback-classic-1.2.3.jar;C:\Users\JiaXie\MavenRepository\ch\qos\logback\logback-core\1.2.3\logback-core-1.2.3.jar;C:\Users\JiaXie\MavenRepository\org\apache\logging\log4j\log4j-to-slf4j\2.13.3\log4j-to-slf4j-2.13.3.jar;C:\Users\JiaXie\MavenRepository\org\apache\logging\log4j\log4j-api\2.13.3\log4j-api-2.13.3.jar;C:\Users\JiaXie\MavenRepository\org\slf4j\jul-to-slf4j\1.7.30\jul-to-slf4j-1.7.30.jar;C:\Users\JiaXie\MavenRepository\jakarta\annotation\jakarta.annotation-api\1.3.5\jakarta.annotation-api-1.3.5.jar;C:\Users\JiaXie\MavenRepository\org\yaml\snakeyaml\1.27\snakeyaml-1.27.jar;C:\Users\JiaXie\MavenRepository\org\springframework\cloud\spring-cloud-context\3.0.0\spring-cloud-context-3.0.0.jar;C:\Users\JiaXie\MavenRepository\org\springframework\security\spring-security-rsa\1.0.9.RELEASE\spring-security-rsa-1.0.9.RELEASE.jar;C:\Users\JiaXie\MavenRepository\org\bouncycastle\bcpkix-jdk15on\1.64\bcpkix-jdk15on-1.64.jar;C:\Users\JiaXie\MavenRepository\org\bouncycastle\bcprov-jdk15on\1.64\bcprov-jdk15on-1.64.jar;C:\Users\JiaXie\MavenRepository\org\springframework\cloud\spring-cloud-openfeign-core\3.0.0\spring-cloud-openfeign-core-3.0.0.jar;C:\Users\JiaXie\MavenRepository\org\springframework\boot\spring-boot-autoconfigure\2.4.2\spring-boot-autoconfigure-2.4.2.jar;C:\Users\JiaXie\MavenRepository\org\springframework\boot\spring-boot-starter-aop\2.4.2\spring-boot-starter-aop-2.4.2.jar;C:\Users\JiaXie\MavenRepository\org\springframework\spring-aop\5.3.3\spring-aop-5.3.3.jar;C:\Users\JiaXie\MavenRepository\org\aspectj\aspectjweaver\1.9.6\aspectjweaver-1.9.6.jar;C:\Users\JiaXie\MavenRepository\io\github\openfeign\form\feign-form-spring\3.8.0\feign-form-spring-3.8.0.jar;C:\Users\JiaXie\MavenRepository\io\github\openfeign\form\feign-form\3.8.0\feign-form-3.8.0.jar;C:\Users\JiaXie\MavenRepository\commons-fileupload\commons-fileupload\1.4\commons-fileupload-1.4.jar;C:\Users\JiaXie\MavenRepository\commons-io\commons-io\2.2\commons-io-2.2.jar;C:\Users\JiaXie\MavenRepository\org\springframework\spring-web\5.3.3\spring-web-5.3.3.jar;C:\Users\JiaXie\MavenRepository\org\springframework\spring-beans\5.3.3\spring-beans-5.3.3.jar;C:\Users\JiaXie\MavenRepository\org\springframework\spring-core\5.3.3\spring-core-5.3.3.jar;C:\Users\JiaXie\MavenRepository\org\springframework\spring-jcl\5.3.3\spring-jcl-5.3.3.jar;C:\Users\JiaXie\MavenRepository\org\springframework\cloud\spring-cloud-commons\3.0.0\spring-cloud-commons-3.0.0.jar;C:\Users\JiaXie\MavenRepository\org\springframework\security\spring-security-crypto\5.4.2\spring-security-crypto-5.4.2.jar;C:\Users\JiaXie\MavenRepository\io\github\openfeign\feign-core\10.10.1\feign-core-10.10.1.jar;C:\Users\JiaXie\MavenRepository\io\github\openfeign\feign-slf4j\10.10.1\feign-slf4j-10.10.1.jar;C:\Users\JiaXie\MavenRepository\org\slf4j\slf4j-api\1.7.30\slf4j-api-1.7.30.jar;"/>
    <property name="java.vm.vendor" value="Oracle Corporation"/>
    <property name="sun.arch.data.model" value="64"/>
    <property name="user.variant" value=""/>
    <property name="java.vendor.url" value="http://java.oracle.com/"/>
    <property name="user.timezone" value="Asia/Shanghai"/>
    <property name="java.vm.specification.version" value="1.8"/>
    <property name="os.name" value="Windows 10"/>
    <property name="user.country" value="US"/>
    <property name="sun.java.launcher" value="SUN_STANDARD"/>
    <property name="sun.boot.library.path" value="C:\Java\jdk1.8.0_261\jre\bin"/>
    <property name="sun.java.command" value="C:\Users\JiaXie\AppData\Local\Temp\surefire6263445939390140487\surefirebooter3298019425323781454.jar C:\Users\JiaXie\AppData\Local\Temp\surefire6263445939390140487 2021-01-28T10-39-33_934-jvmRun1 surefire5916527141365095949tmp surefire_08184643249576237684tmp"/>
    <property name="surefire.test.class.path" value="C:\MySourceGithub\MySource\java\Spring\Feign\spring-cloud-user-provider-use-config-server\user-api\target\test-classes;C:\MySourceGithub\MySource\java\Spring\Feign\spring-cloud-user-provider-use-config-server\user-api\target\classes;C:\Users\JiaXie\MavenRepository\junit\junit\4.11\junit-4.11.jar;C:\Users\JiaXie\MavenRepository\org\hamcrest\hamcrest-core\2.2\hamcrest-core-2.2.jar;C:\Users\JiaXie\MavenRepository\org\hamcrest\hamcrest\2.2\hamcrest-2.2.jar;C:\Users\JiaXie\MavenRepository\org\springframework\cloud\spring-cloud-starter-openfeign\3.0.0\spring-cloud-starter-openfeign-3.0.0.jar;C:\Users\JiaXie\MavenRepository\org\springframework\cloud\spring-cloud-starter\3.0.0\spring-cloud-starter-3.0.0.jar;C:\Users\JiaXie\MavenRepository\org\springframework\boot\spring-boot-starter\2.4.2\spring-boot-starter-2.4.2.jar;C:\Users\JiaXie\MavenRepository\org\springframework\boot\spring-boot\2.4.2\spring-boot-2.4.2.jar;C:\Users\JiaXie\MavenRepository\org\springframework\spring-context\5.3.3\spring-context-5.3.3.jar;C:\Users\JiaXie\MavenRepository\org\springframework\spring-expression\5.3.3\spring-expression-5.3.3.jar;C:\Users\JiaXie\MavenRepository\org\springframework\boot\spring-boot-starter-logging\2.4.2\spring-boot-starter-logging-2.4.2.jar;C:\Users\JiaXie\MavenRepository\ch\qos\logback\logback-classic\1.2.3\logback-classic-1.2.3.jar;C:\Users\JiaXie\MavenRepository\ch\qos\logback\logback-core\1.2.3\logback-core-1.2.3.jar;C:\Users\JiaXie\MavenRepository\org\apache\logging\log4j\log4j-to-slf4j\2.13.3\log4j-to-slf4j-2.13.3.jar;C:\Users\JiaXie\MavenRepository\org\apache\logging\log4j\log4j-api\2.13.3\log4j-api-2.13.3.jar;C:\Users\JiaXie\MavenRepository\org\slf4j\jul-to-slf4j\1.7.30\jul-to-slf4j-1.7.30.jar;C:\Users\JiaXie\MavenRepository\jakarta\annotation\jakarta.annotation-api\1.3.5\jakarta.annotation-api-1.3.5.jar;C:\Users\JiaXie\MavenRepository\org\yaml\snakeyaml\1.27\snakeyaml-1.27.jar;C:\Users\JiaXie\MavenRepository\org\springframework\cloud\spring-cloud-context\3.0.0\spring-cloud-context-3.0.0.jar;C:\Users\JiaXie\MavenRepository\org\springframework\security\spring-security-rsa\1.0.9.RELEASE\spring-security-rsa-1.0.9.RELEASE.jar;C:\Users\JiaXie\MavenRepository\org\bouncycastle\bcpkix-jdk15on\1.64\bcpkix-jdk15on-1.64.jar;C:\Users\JiaXie\MavenRepository\org\bouncycastle\bcprov-jdk15on\1.64\bcprov-jdk15on-1.64.jar;C:\Users\JiaXie\MavenRepository\org\springframework\cloud\spring-cloud-openfeign-core\3.0.0\spring-cloud-openfeign-core-3.0.0.jar;C:\Users\JiaXie\MavenRepository\org\springframework\boot\spring-boot-autoconfigure\2.4.2\spring-boot-autoconfigure-2.4.2.jar;C:\Users\JiaXie\MavenRepository\org\springframework\boot\spring-boot-starter-aop\2.4.2\spring-boot-starter-aop-2.4.2.jar;C:\Users\JiaXie\MavenRepository\org\springframework\spring-aop\5.3.3\spring-aop-5.3.3.jar;C:\Users\JiaXie\MavenRepository\org\aspectj\aspectjweaver\1.9.6\aspectjweaver-1.9.6.jar;C:\Users\JiaXie\MavenRepository\io\github\openfeign\form\feign-form-spring\3.8.0\feign-form-spring-3.8.0.jar;C:\Users\JiaXie\MavenRepository\io\github\openfeign\form\feign-form\3.8.0\feign-form-3.8.0.jar;C:\Users\JiaXie\MavenRepository\commons-fileupload\commons-fileupload\1.4\commons-fileupload-1.4.jar;C:\Users\JiaXie\MavenRepository\commons-io\commons-io\2.2\commons-io-2.2.jar;C:\Users\JiaXie\MavenRepository\org\springframework\spring-web\5.3.3\spring-web-5.3.3.jar;C:\Users\JiaXie\MavenRepository\org\springframework\spring-beans\5.3.3\spring-beans-5.3.3.jar;C:\Users\JiaXie\MavenRepository\org\springframework\spring-core\5.3.3\spring-core-5.3.3.jar;C:\Users\JiaXie\MavenRepository\org\springframework\spring-jcl\5.3.3\spring-jcl-5.3.3.jar;C:\Users\JiaXie\MavenRepository\org\springframework\cloud\spring-cloud-commons\3.0.0\spring-cloud-commons-3.0.0.jar;C:\Users\JiaXie\MavenRepository\org\springframework\security\spring-security-crypto\5.4.2\spring-security-crypto-5.4.2.jar;C:\Users\JiaXie\MavenRepository\io\github\openfeign\feign-core\10.10.1\feign-core-10.10.1.jar;C:\Users\JiaXie\MavenRepository\io\github\openfeign\feign-slf4j\10.10.1\feign-slf4j-10.10.1.jar;C:\Users\JiaXie\MavenRepository\org\slf4j\slf4j-api\1.7.30\slf4j-api-1.7.30.jar;"/>
    <property name="sun.cpu.endian" value="little"/>
    <property name="user.home" value="C:\Users\JiaXie"/>
    <property name="user.language" value="en"/>
    <property name="java.specification.vendor" value="Oracle Corporation"/>
    <property name="java.home" value="C:\Java\jdk1.8.0_261\jre"/>
    <property name="basedir" value="C:\MySourceGithub\MySource\java\Spring\Feign\spring-cloud-user-provider-use-config-server\user-api"/>
    <property name="file.separator" value="\"/>
    <property name="line.separator" value="&#10;"/>
    <property name="java.vm.specification.vendor" value="Oracle Corporation"/>
    <property name="java.specification.name" value="Java Platform API Specification"/>
    <property name="java.awt.graphicsenv" value="sun.awt.Win32GraphicsEnvironment"/>
    <property name="surefire.real.class.path" value="C:\Users\JiaXie\AppData\Local\Temp\surefire6263445939390140487\surefirebooter3298019425323781454.jar"/>
    <property name="sun.boot.class.path" value="C:\Java\jdk1.8.0_261\jre\lib\resources.jar;C:\Java\jdk1.8.0_261\jre\lib\rt.jar;C:\Java\jdk1.8.0_261\jre\lib\sunrsasign.jar;C:\Java\jdk1.8.0_261\jre\lib\jsse.jar;C:\Java\jdk1.8.0_261\jre\lib\jce.jar;C:\Java\jdk1.8.0_261\jre\lib\charsets.jar;C:\Java\jdk1.8.0_261\jre\lib\jfr.jar;C:\Java\jdk1.8.0_261\jre\classes"/>
    <property name="user.script" value=""/>
    <property name="sun.management.compiler" value="HotSpot 64-Bit Tiered Compilers"/>
    <property name="java.runtime.version" value="1.8.0_261-b12"/>
    <property name="user.name" value="JiaXie"/>
    <property name="path.separator" value=";"/>
    <property name="os.version" value="10.0"/>
    <property name="java.endorsed.dirs" value="C:\Java\jdk1.8.0_261\jre\lib\endorsed"/>
    <property name="java.runtime.name" value="Java(TM) SE Runtime Environment"/>
    <property name="file.encoding" value="GBK"/>
    <property name="java.vm.name" value="Java HotSpot(TM) 64-Bit Server VM"/>
    <property name="localRepository" value="C:\Users\JiaXie\MavenRepository"/>
    <property name="java.vendor.url.bug" value="http://bugreport.sun.com/bugreport/"/>
    <property name="java.io.tmpdir" value="C:\Users\JiaXie\AppData\Local\Temp\"/>
    <property name="idea.version" value="2020.3.1"/>
    <property name="java.version" value="1.8.0_261"/>
    <property name="user.dir" value="C:\MySourceGithub\MySource\java\Spring\Feign\spring-cloud-user-provider-use-config-server\user-api"/>
    <property name="os.arch" value="amd64"/>
    <property name="java.vm.specification.name" value="Java Virtual Machine Specification"/>
    <property name="java.awt.printerjob" value="sun.awt.windows.WPrinterJob"/>
    <property name="sun.os.patch.level" value=""/>
    <property name="java.library.path" value="C:\Java\jdk1.8.0_261\jre\bin;C:\windows\Sun\Java\bin;C:\windows\system32;C:\windows;C:\Python38\Scripts\;C:\Python38\;C:\windows\system32;C:\windows;C:\windows\System32\Wbem;C:\windows\System32\WindowsPowerShell\v1.0\;C:\windows\System32\OpenSSH\;C:\Program Files\Git\cmd;C:\Program Files\ibm\gsk8\lib64;C:\Program Files (x86)\ibm\gsk8\lib;C:\IBM\SQLLIB\BIN;C:\IBM\SQLLIB\FUNCTION;C:\IBM\SQLLIB\SAMPLES\REPL;C:\Program Files (x86)\PuTTY\;C:\IBM\WebSphere\AppServer\java\8.0\bin;C:\Users\JiaXie\CrashPlan\My document\MyTools\Maven\apache-maven-3.6.3\bin;C:\Program Files\Docker\Docker\resources\bin;C:\ProgramData\DockerDesktop\version-bin;C:\Program Files\MySQL\MySQL Shell 8.0\bin\;C:\Users\JiaXie\AppData\Local\Microsoft\WindowsApps;;C:\Users\JiaXie\AppData\Local\Programs\Microsoft VS Code\bin;."/>
    <property name="java.vm.info" value="mixed mode"/>
    <property name="java.vendor" value="Oracle Corporation"/>
    <property name="java.vm.version" value="25.261-b12"/>
    <property name="java.ext.dirs" value="C:\Java\jdk1.8.0_261\jre\lib\ext;C:\windows\Sun\Java\lib\ext"/>
    <property name="sun.io.unicode.encoding" value="UnicodeLittle"/>
    <property name="maven.repo.local" value="C:\Users\JiaXie\MavenRepository"/>
    <property name="java.class.version" value="52.0"/>
  </properties>
  <testcase name="shouldAnswerWithTrue" classname="com.gupaoedu.AppTest" time="0.002"/>
</testsuite>