<?xml version="1.0" encoding="UTF-8"?>
<testsuite xmlns:xsi="http://www.w3.org/2001/XMLSchema-instance" xsi:noNamespaceSchemaLocation="https://maven.apache.org/surefire/maven-surefire-plugin/xsd/surefire-test-report.xsd" name="com.gupaoedu.goods.AppTest" time="0.047" tests="1" errors="0" skipped="0" failures="0">
  <properties>
    <property name="sun.desktop" value="windows"/>
    <property name="awt.toolkit" value="sun.awt.windows.WToolkit"/>
    <property name="file.encoding.pkg" value="sun.io"/>
    <property name="java.specification.version" value="1.8"/>
    <property name="sun.cpu.isalist" value="amd64"/>
    <property name="sun.jnu.encoding" value="GBK"/>
    <property name="java.class.path" value="C:\MySourceGithub\MySource\java\Spring\Feign\spring-cloud-goods-service\goods-api\target\test-classes;C:\MySourceGithub\MySource\java\Spring\Feign\spring-cloud-goods-service\goods-api\target\classes;C:\Users\JiaXie\MavenRepository\junit\junit\4.11\junit-4.11.jar;C:\Users\JiaXie\MavenRepository\org\hamcrest\hamcrest-core\2.2\hamcrest-core-2.2.jar;C:\Users\JiaXie\MavenRepository\org\hamcrest\hamcrest\2.2\hamcrest-2.2.jar;C:\Users\JiaXie\MavenRepository\org\springframework\cloud\spring-cloud-starter-openfeign\2.2.6.RELEASE\spring-cloud-starter-openfeign-2.2.6.RELEASE.jar;C:\Users\JiaXie\MavenRepository\org\springframework\cloud\spring-cloud-starter\2.2.6.RELEASE\spring-cloud-starter-2.2.6.RELEASE.jar;C:\Users\JiaXie\MavenRepository\org\springframework\cloud\spring-cloud-context\2.2.6.RELEASE\spring-cloud-context-2.2.6.RELEASE.jar;C:\Users\JiaXie\MavenRepository\org\springframework\security\spring-security-rsa\1.0.9.RELEASE\spring-security-rsa-1.0.9.RELEASE.jar;C:\Users\JiaXie\MavenRepository\org\bouncycastle\bcpkix-jdk15on\1.64\bcpkix-jdk15on-1.64.jar;C:\Users\JiaXie\MavenRepository\org\bouncycastle\bcprov-jdk15on\1.64\bcprov-jdk15on-1.64.jar;C:\Users\JiaXie\MavenRepository\org\springframework\cloud\spring-cloud-openfeign-core\2.2.6.RELEASE\spring-cloud-openfeign-core-2.2.6.RELEASE.jar;C:\Users\JiaXie\MavenRepository\org\springframework\boot\spring-boot-autoconfigure\2.3.7.RELEASE\spring-boot-autoconfigure-2.3.7.RELEASE.jar;C:\Users\JiaXie\MavenRepository\org\springframework\cloud\spring-cloud-netflix-ribbon\2.2.6.RELEASE\spring-cloud-netflix-ribbon-2.2.6.RELEASE.jar;C:\Users\JiaXie\MavenRepository\org\springframework\cloud\spring-cloud-netflix-archaius\2.2.6.RELEASE\spring-cloud-netflix-archaius-2.2.6.RELEASE.jar;C:\Users\JiaXie\MavenRepository\org\springframework\boot\spring-boot-starter-aop\2.3.7.RELEASE\spring-boot-starter-aop-2.3.7.RELEASE.jar;C:\Users\JiaXie\MavenRepository\org\aspectj\aspectjweaver\1.9.6\aspectjweaver-1.9.6.jar;C:\Users\JiaXie\MavenRepository\io\github\openfeign\form\feign-form-spring\3.8.0\feign-form-spring-3.8.0.jar;C:\Users\JiaXie\MavenRepository\io\github\openfeign\form\feign-form\3.8.0\feign-form-3.8.0.jar;C:\Users\JiaXie\MavenRepository\commons-fileupload\commons-fileupload\1.4\commons-fileupload-1.4.jar;C:\Users\JiaXie\MavenRepository\commons-io\commons-io\2.2\commons-io-2.2.jar;C:\Users\JiaXie\MavenRepository\org\springframework\spring-web\5.2.12.RELEASE\spring-web-5.2.12.RELEASE.jar;C:\Users\JiaXie\MavenRepository\org\springframework\spring-beans\5.2.12.RELEASE\spring-beans-5.2.12.RELEASE.jar;C:\Users\JiaXie\MavenRepository\org\springframework\spring-core\5.2.12.RELEASE\spring-core-5.2.12.RELEASE.jar;C:\Users\JiaXie\MavenRepository\org\springframework\spring-jcl\5.2.12.RELEASE\spring-jcl-5.2.12.RELEASE.jar;C:\Users\JiaXie\MavenRepository\org\springframework\cloud\spring-cloud-commons\2.2.6.RELEASE\spring-cloud-commons-2.2.6.RELEASE.jar;C:\Users\JiaXie\MavenRepository\org\springframework\security\spring-security-crypto\5.3.6.RELEASE\spring-security-crypto-5.3.6.RELEASE.jar;C:\Users\JiaXie\MavenRepository\io\github\openfeign\feign-core\10.10.1\feign-core-10.10.1.jar;C:\Users\JiaXie\MavenRepository\io\github\openfeign\feign-slf4j\10.10.1\feign-slf4j-10.10.1.jar;C:\Users\JiaXie\MavenRepository\org\slf4j\slf4j-api\1.7.30\slf4j-api-1.7.30.jar;C:\Users\JiaXie\MavenRepository\io\github\openfeign\feign-hystrix\10.10.1\feign-hystrix-10.10.1.jar;C:\Users\JiaXie\MavenRepository\com\netflix\archaius\archaius-core\0.7.6\archaius-core-0.7.6.jar;C:\Users\JiaXie\MavenRepository\com\google\code\findbugs\jsr305\3.0.1\jsr305-3.0.1.jar;C:\Users\JiaXie\MavenRepository\commons-configuration\commons-configuration\1.8\commons-configuration-1.8.jar;C:\Users\JiaXie\MavenRepository\commons-lang\commons-lang\2.6\commons-lang-2.6.jar;C:\Users\JiaXie\MavenRepository\com\google\guava\guava\29.0-jre\guava-29.0-jre.jar;C:\Users\JiaXie\MavenRepository\com\google\guava\failureaccess\1.0.1\failureaccess-1.0.1.jar;C:\Users\JiaXie\MavenRepository\com\google\guava\listenablefuture\9999.0-empty-to-avoid-conflict-with-guava\listenablefuture-9999.0-empty-to-avoid-conflict-with-guava.jar;C:\Users\JiaXie\MavenRepository\org\checkerframework\checker-qual\2.11.1\checker-qual-2.11.1.jar;C:\Users\JiaXie\MavenRepository\com\google\errorprone\error_prone_annotations\2.3.4\error_prone_annotations-2.3.4.jar;C:\Users\JiaXie\MavenRepository\com\google\j2objc\j2objc-annotations\1.3\j2objc-annotations-1.3.jar;C:\Users\JiaXie\MavenRepository\com\fasterxml\jackson\core\jackson-annotations\2.11.3\jackson-annotations-2.11.3.jar;C:\Users\JiaXie\MavenRepository\com\fasterxml\jackson\core\jackson-core\2.11.3\jackson-core-2.11.3.jar;C:\Users\JiaXie\MavenRepository\com\netflix\hystrix\hystrix-core\1.5.18\hystrix-core-1.5.18.jar;C:\Users\JiaXie\MavenRepository\io\reactivex\rxjava\1.3.8\rxjava-1.3.8.jar;C:\Users\JiaXie\MavenRepository\org\hdrhistogram\HdrHistogram\2.1.9\HdrHistogram-2.1.9.jar;C:\Users\JiaXie\MavenRepository\org\springframework\boot\spring-boot-starter-web\2.3.7.RELEASE\spring-boot-starter-web-2.3.7.RELEASE.jar;C:\Users\JiaXie\MavenRepository\org\springframework\boot\spring-boot-starter\2.3.7.RELEASE\spring-boot-starter-2.3.7.RELEASE.jar;C:\Users\JiaXie\MavenRepository\org\springframework\boot\spring-boot\2.3.7.RELEASE\spring-boot-2.3.7.RELEASE.jar;C:\Users\JiaXie\MavenRepository\org\springframework\boot\spring-boot-starter-logging\2.3.7.RELEASE\spring-boot-starter-logging-2.3.7.RELEASE.jar;C:\Users\JiaXie\MavenRepository\ch\qos\logback\logback-classic\1.2.3\logback-classic-1.2.3.jar;C:\Users\JiaXie\MavenRepository\ch\qos\logback\logback-core\1.2.3\logback-core-1.2.3.jar;C:\Users\JiaXie\MavenRepository\org\apache\logging\log4j\log4j-to-slf4j\2.13.3\log4j-to-slf4j-2.13.3.jar;C:\Users\JiaXie\MavenRepository\org\apache\logging\log4j\log4j-api\2.13.3\log4j-api-2.13.3.jar;C:\Users\JiaXie\MavenRepository\org\slf4j\jul-to-slf4j\1.7.30\jul-to-slf4j-1.7.30.jar;C:\Users\JiaXie\MavenRepository\jakarta\annotation\jakarta.annotation-api\1.3.5\jakarta.annotation-api-1.3.5.jar;C:\Users\JiaXie\MavenRepository\org\yaml\snakeyaml\1.26\snakeyaml-1.26.jar;C:\Users\JiaXie\MavenRepository\org\springframework\boot\spring-boot-starter-json\2.3.7.RELEASE\spring-boot-starter-json-2.3.7.RELEASE.jar;C:\Users\JiaXie\MavenRepository\com\fasterxml\jackson\core\jackson-databind\2.11.3\jackson-databind-2.11.3.jar;C:\Users\JiaXie\MavenRepository\com\fasterxml\jackson\datatype\jackson-datatype-jdk8\2.11.3\jackson-datatype-jdk8-2.11.3.jar;C:\Users\JiaXie\MavenRepository\com\fasterxml\jackson\datatype\jackson-datatype-jsr310\2.11.3\jackson-datatype-jsr310-2.11.3.jar;C:\Users\JiaXie\MavenRepository\com\fasterxml\jackson\module\jackson-module-parameter-names\2.11.3\jackson-module-parameter-names-2.11.3.jar;C:\Users\JiaXie\MavenRepository\org\springframework\boot\spring-boot-starter-tomcat\2.3.7.RELEASE\spring-boot-starter-tomcat-2.3.7.RELEASE.jar;C:\Users\JiaXie\MavenRepository\org\apache\tomcat\embed\tomcat-embed-core\9.0.41\tomcat-embed-core-9.0.41.jar;C:\Users\JiaXie\MavenRepository\org\glassfish\jakarta.el\3.0.3\jakarta.el-3.0.3.jar;C:\Users\JiaXie\MavenRepository\org\apache\tomcat\embed\tomcat-embed-websocket\9.0.41\tomcat-embed-websocket-9.0.41.jar;C:\Users\JiaXie\MavenRepository\org\springframework\spring-webmvc\5.2.12.RELEASE\spring-webmvc-5.2.12.RELEASE.jar;C:\Users\JiaXie\MavenRepository\org\springframework\spring-aop\5.2.12.RELEASE\spring-aop-5.2.12.RELEASE.jar;C:\Users\JiaXie\MavenRepository\org\springframework\spring-context\5.2.12.RELEASE\spring-context-5.2.12.RELEASE.jar;C:\Users\JiaXie\MavenRepository\org\springframework\spring-expression\5.2.12.RELEASE\spring-expression-5.2.12.RELEASE.jar;"/>
    <property name="java.vm.vendor" value="Oracle Corporation"/>
    <property name="sun.arch.data.model" value="64"/>
    <property name="user.variant" value=""/>
    <property name="java.vendor.url" value="http://java.oracle.com/"/>
    <property name="user.timezone" value="Asia/Shanghai"/>
    <property name="java.vm.specification.version" value="1.8"/>
    <property name="os.name" value="Windows 10"/>
    <property name="user.country" value="US"/>
    <property name="sun.java.launcher" value="SUN_STANDARD"/>
    <property name="sun.boot.library.path" value="C:\Java\jdk1.8.0_261\jre\bin"/>
    <property name="sun.java.command" value="C:\Users\JiaXie\AppData\Local\Temp\surefire8365470519085088229\surefirebooter2310432571134219660.jar C:\Users\JiaXie\AppData\Local\Temp\surefire8365470519085088229 2021-02-02T15-21-53_147-jvmRun1 surefire2346034118452201038tmp surefire_04738278011378038390tmp"/>
    <property name="surefire.test.class.path" value="C:\MySourceGithub\MySource\java\Spring\Feign\spring-cloud-goods-service\goods-api\target\test-classes;C:\MySourceGithub\MySource\java\Spring\Feign\spring-cloud-goods-service\goods-api\target\classes;C:\Users\JiaXie\MavenRepository\junit\junit\4.11\junit-4.11.jar;C:\Users\JiaXie\MavenRepository\org\hamcrest\hamcrest-core\2.2\hamcrest-core-2.2.jar;C:\Users\JiaXie\MavenRepository\org\hamcrest\hamcrest\2.2\hamcrest-2.2.jar;C:\Users\JiaXie\MavenRepository\org\springframework\cloud\spring-cloud-starter-openfeign\2.2.6.RELEASE\spring-cloud-starter-openfeign-2.2.6.RELEASE.jar;C:\Users\JiaXie\MavenRepository\org\springframework\cloud\spring-cloud-starter\2.2.6.RELEASE\spring-cloud-starter-2.2.6.RELEASE.jar;C:\Users\JiaXie\MavenRepository\org\springframework\cloud\spring-cloud-context\2.2.6.RELEASE\spring-cloud-context-2.2.6.RELEASE.jar;C:\Users\JiaXie\MavenRepository\org\springframework\security\spring-security-rsa\1.0.9.RELEASE\spring-security-rsa-1.0.9.RELEASE.jar;C:\Users\JiaXie\MavenRepository\org\bouncycastle\bcpkix-jdk15on\1.64\bcpkix-jdk15on-1.64.jar;C:\Users\JiaXie\MavenRepository\org\bouncycastle\bcprov-jdk15on\1.64\bcprov-jdk15on-1.64.jar;C:\Users\JiaXie\MavenRepository\org\springframework\cloud\spring-cloud-openfeign-core\2.2.6.RELEASE\spring-cloud-openfeign-core-2.2.6.RELEASE.jar;C:\Users\JiaXie\MavenRepository\org\springframework\boot\spring-boot-autoconfigure\2.3.7.RELEASE\spring-boot-autoconfigure-2.3.7.RELEASE.jar;C:\Users\JiaXie\MavenRepository\org\springframework\cloud\spring-cloud-netflix-ribbon\2.2.6.RELEASE\spring-cloud-netflix-ribbon-2.2.6.RELEASE.jar;C:\Users\JiaXie\MavenRepository\org\springframework\cloud\spring-cloud-netflix-archaius\2.2.6.RELEASE\spring-cloud-netflix-archaius-2.2.6.RELEASE.jar;C:\Users\JiaXie\MavenRepository\org\springframework\boot\spring-boot-starter-aop\2.3.7.RELEASE\spring-boot-starter-aop-2.3.7.RELEASE.jar;C:\Users\JiaXie\MavenRepository\org\aspectj\aspectjweaver\1.9.6\aspectjweaver-1.9.6.jar;C:\Users\JiaXie\MavenRepository\io\github\openfeign\form\feign-form-spring\3.8.0\feign-form-spring-3.8.0.jar;C:\Users\JiaXie\MavenRepository\io\github\openfeign\form\feign-form\3.8.0\feign-form-3.8.0.jar;C:\Users\JiaXie\MavenRepository\commons-fileupload\commons-fileupload\1.4\commons-fileupload-1.4.jar;C:\Users\JiaXie\MavenRepository\commons-io\commons-io\2.2\commons-io-2.2.jar;C:\Users\JiaXie\MavenRepository\org\springframework\spring-web\5.2.12.RELEASE\spring-web-5.2.12.RELEASE.jar;C:\Users\JiaXie\MavenRepository\org\springframework\spring-beans\5.2.12.RELEASE\spring-beans-5.2.12.RELEASE.jar;C:\Users\JiaXie\MavenRepository\org\springframework\spring-core\5.2.12.RELEASE\spring-core-5.2.12.RELEASE.jar;C:\Users\JiaXie\MavenRepository\org\springframework\spring-jcl\5.2.12.RELEASE\spring-jcl-5.2.12.RELEASE.jar;C:\Users\JiaXie\MavenRepository\org\springframework\cloud\spring-cloud-commons\2.2.6.RELEASE\spring-cloud-commons-2.2.6.RELEASE.jar;C:\Users\JiaXie\MavenRepository\org\springframework\security\spring-security-crypto\5.3.6.RELEASE\spring-security-crypto-5.3.6.RELEASE.jar;C:\Users\JiaXie\MavenRepository\io\github\openfeign\feign-core\10.10.1\feign-core-10.10.1.jar;C:\Users\JiaXie\MavenRepository\io\github\openfeign\feign-slf4j\10.10.1\feign-slf4j-10.10.1.jar;C:\Users\JiaXie\MavenRepository\org\slf4j\slf4j-api\1.7.30\slf4j-api-1.7.30.jar;C:\Users\JiaXie\MavenRepository\io\github\openfeign\feign-hystrix\10.10.1\feign-hystrix-10.10.1.jar;C:\Users\JiaXie\MavenRepository\com\netflix\archaius\archaius-core\0.7.6\archaius-core-0.7.6.jar;C:\Users\JiaXie\MavenRepository\com\google\code\findbugs\jsr305\3.0.1\jsr305-3.0.1.jar;C:\Users\JiaXie\MavenRepository\commons-configuration\commons-configuration\1.8\commons-configuration-1.8.jar;C:\Users\JiaXie\MavenRepository\commons-lang\commons-lang\2.6\commons-lang-2.6.jar;C:\Users\JiaXie\MavenRepository\com\google\guava\guava\29.0-jre\guava-29.0-jre.jar;C:\Users\JiaXie\MavenRepository\com\google\guava\failureaccess\1.0.1\failureaccess-1.0.1.jar;C:\Users\JiaXie\MavenRepository\com\google\guava\listenablefuture\9999.0-empty-to-avoid-conflict-with-guava\listenablefuture-9999.0-empty-to-avoid-conflict-with-guava.jar;C:\Users\JiaXie\MavenRepository\org\checkerframework\checker-qual\2.11.1\checker-qual-2.11.1.jar;C:\Users\JiaXie\MavenRepository\com\google\errorprone\error_prone_annotations\2.3.4\error_prone_annotations-2.3.4.jar;C:\Users\JiaXie\MavenRepository\com\google\j2objc\j2objc-annotations\1.3\j2objc-annotations-1.3.jar;C:\Users\JiaXie\MavenRepository\com\fasterxml\jackson\core\jackson-annotations\2.11.3\jackson-annotations-2.11.3.jar;C:\Users\JiaXie\MavenRepository\com\fasterxml\jackson\core\jackson-core\2.11.3\jackson-core-2.11.3.jar;C:\Users\JiaXie\MavenRepository\com\netflix\hystrix\hystrix-core\1.5.18\hystrix-core-1.5.18.jar;C:\Users\JiaXie\MavenRepository\io\reactivex\rxjava\1.3.8\rxjava-1.3.8.jar;C:\Users\JiaXie\MavenRepository\org\hdrhistogram\HdrHistogram\2.1.9\HdrHistogram-2.1.9.jar;C:\Users\JiaXie\MavenRepository\org\springframework\boot\spring-boot-starter-web\2.3.7.RELEASE\spring-boot-starter-web-2.3.7.RELEASE.jar;C:\Users\JiaXie\MavenRepository\org\springframework\boot\spring-boot-starter\2.3.7.RELEASE\spring-boot-starter-2.3.7.RELEASE.jar;C:\Users\JiaXie\MavenRepository\org\springframework\boot\spring-boot\2.3.7.RELEASE\spring-boot-2.3.7.RELEASE.jar;C:\Users\JiaXie\MavenRepository\org\springframework\boot\spring-boot-starter-logging\2.3.7.RELEASE\spring-boot-starter-logging-2.3.7.RELEASE.jar;C:\Users\JiaXie\MavenRepository\ch\qos\logback\logback-classic\1.2.3\logback-classic-1.2.3.jar;C:\Users\JiaXie\MavenRepository\ch\qos\logback\logback-core\1.2.3\logback-core-1.2.3.jar;C:\Users\JiaXie\MavenRepository\org\apache\logging\log4j\log4j-to-slf4j\2.13.3\log4j-to-slf4j-2.13.3.jar;C:\Users\JiaXie\MavenRepository\org\apache\logging\log4j\log4j-api\2.13.3\log4j-api-2.13.3.jar;C:\Users\JiaXie\MavenRepository\org\slf4j\jul-to-slf4j\1.7.30\jul-to-slf4j-1.7.30.jar;C:\Users\JiaXie\MavenRepository\jakarta\annotation\jakarta.annotation-api\1.3.5\jakarta.annotation-api-1.3.5.jar;C:\Users\JiaXie\MavenRepository\org\yaml\snakeyaml\1.26\snakeyaml-1.26.jar;C:\Users\JiaXie\MavenRepository\org\springframework\boot\spring-boot-starter-json\2.3.7.RELEASE\spring-boot-starter-json-2.3.7.RELEASE.jar;C:\Users\JiaXie\MavenRepository\com\fasterxml\jackson\core\jackson-databind\2.11.3\jackson-databind-2.11.3.jar;C:\Users\JiaXie\MavenRepository\com\fasterxml\jackson\datatype\jackson-datatype-jdk8\2.11.3\jackson-datatype-jdk8-2.11.3.jar;C:\Users\JiaXie\MavenRepository\com\fasterxml\jackson\datatype\jackson-datatype-jsr310\2.11.3\jackson-datatype-jsr310-2.11.3.jar;C:\Users\JiaXie\MavenRepository\com\fasterxml\jackson\module\jackson-module-parameter-names\2.11.3\jackson-module-parameter-names-2.11.3.jar;C:\Users\JiaXie\MavenRepository\org\springframework\boot\spring-boot-starter-tomcat\2.3.7.RELEASE\spring-boot-starter-tomcat-2.3.7.RELEASE.jar;C:\Users\JiaXie\MavenRepository\org\apache\tomcat\embed\tomcat-embed-core\9.0.41\tomcat-embed-core-9.0.41.jar;C:\Users\JiaXie\MavenRepository\org\glassfish\jakarta.el\3.0.3\jakarta.el-3.0.3.jar;C:\Users\JiaXie\MavenRepository\org\apache\tomcat\embed\tomcat-embed-websocket\9.0.41\tomcat-embed-websocket-9.0.41.jar;C:\Users\JiaXie\MavenRepository\org\springframework\spring-webmvc\5.2.12.RELEASE\spring-webmvc-5.2.12.RELEASE.jar;C:\Users\JiaXie\MavenRepository\org\springframework\spring-aop\5.2.12.RELEASE\spring-aop-5.2.12.RELEASE.jar;C:\Users\JiaXie\MavenRepository\org\springframework\spring-context\5.2.12.RELEASE\spring-context-5.2.12.RELEASE.jar;C:\Users\JiaXie\MavenRepository\org\springframework\spring-expression\5.2.12.RELEASE\spring-expression-5.2.12.RELEASE.jar;"/>
    <property name="sun.cpu.endian" value="little"/>
    <property name="user.home" value="C:\Users\JiaXie"/>
    <property name="user.language" value="en"/>
    <property name="java.specification.vendor" value="Oracle Corporation"/>
    <property name="java.home" value="C:\Java\jdk1.8.0_261\jre"/>
    <property name="basedir" value="C:\MySourceGithub\MySource\java\Spring\Feign\spring-cloud-goods-service\goods-api"/>
    <property name="file.separator" value="\"/>
    <property name="line.separator" value="&#10;"/>
    <property name="java.vm.specification.vendor" value="Oracle Corporation"/>
    <property name="java.specification.name" value="Java Platform API Specification"/>
    <property name="java.awt.graphicsenv" value="sun.awt.Win32GraphicsEnvironment"/>
    <property name="surefire.real.class.path" value="C:\Users\JiaXie\AppData\Local\Temp\surefire8365470519085088229\surefirebooter2310432571134219660.jar"/>
    <property name="sun.boot.class.path" value="C:\Java\jdk1.8.0_261\jre\lib\resources.jar;C:\Java\jdk1.8.0_261\jre\lib\rt.jar;C:\Java\jdk1.8.0_261\jre\lib\sunrsasign.jar;C:\Java\jdk1.8.0_261\jre\lib\jsse.jar;C:\Java\jdk1.8.0_261\jre\lib\jce.jar;C:\Java\jdk1.8.0_261\jre\lib\charsets.jar;C:\Java\jdk1.8.0_261\jre\lib\jfr.jar;C:\Java\jdk1.8.0_261\jre\classes"/>
    <property name="user.script" value=""/>
    <property name="sun.management.compiler" value="HotSpot 64-Bit Tiered Compilers"/>
    <property name="java.runtime.version" value="1.8.0_261-b12"/>
    <property name="user.name" value="JiaXie"/>
    <property name="path.separator" value=";"/>
    <property name="os.version" value="10.0"/>
    <property name="java.endorsed.dirs" value="C:\Java\jdk1.8.0_261\jre\lib\endorsed"/>
    <property name="java.runtime.name" value="Java(TM) SE Runtime Environment"/>
    <property name="file.encoding" value="GBK"/>
    <property name="java.vm.name" value="Java HotSpot(TM) 64-Bit Server VM"/>
    <property name="localRepository" value="C:\Users\JiaXie\MavenRepository"/>
    <property name="java.vendor.url.bug" value="http://bugreport.sun.com/bugreport/"/>
    <property name="java.io.tmpdir" value="C:\Users\JiaXie\AppData\Local\Temp\"/>
    <property name="idea.version" value="2020.3.1"/>
    <property name="java.version" value="1.8.0_261"/>
    <property name="user.dir" value="C:\MySourceGithub\MySource\java\Spring\Feign\spring-cloud-goods-service\goods-api"/>
    <property name="os.arch" value="amd64"/>
    <property name="java.vm.specification.name" value="Java Virtual Machine Specification"/>
    <property name="java.awt.printerjob" value="sun.awt.windows.WPrinterJob"/>
    <property name="sun.os.patch.level" value=""/>
    <property name="java.library.path" value="C:\Java\jdk1.8.0_261\jre\bin;C:\windows\Sun\Java\bin;C:\windows\system32;C:\windows;C:\Python38\Scripts\;C:\Python38\;C:\windows\system32;C:\windows;C:\windows\System32\Wbem;C:\windows\System32\WindowsPowerShell\v1.0\;C:\windows\System32\OpenSSH\;C:\Program Files\Git\cmd;C:\Program Files\ibm\gsk8\lib64;C:\Program Files (x86)\ibm\gsk8\lib;C:\IBM\SQLLIB\BIN;C:\IBM\SQLLIB\FUNCTION;C:\IBM\SQLLIB\SAMPLES\REPL;C:\Program Files (x86)\PuTTY\;C:\IBM\WebSphere\AppServer\java\8.0\bin;C:\Users\JiaXie\CrashPlan\My document\MyTools\Maven\apache-maven-3.6.3\bin;C:\Program Files\Docker\Docker\resources\bin;C:\ProgramData\DockerDesktop\version-bin;C:\Program Files\MySQL\MySQL Shell 8.0\bin\;C:\Users\JiaXie\AppData\Local\Microsoft\WindowsApps;;C:\Users\JiaXie\AppData\Local\Programs\Microsoft VS Code\bin;."/>
    <property name="java.vm.info" value="mixed mode"/>
    <property name="java.vendor" value="Oracle Corporation"/>
    <property name="java.vm.version" value="25.261-b12"/>
    <property name="java.ext.dirs" value="C:\Java\jdk1.8.0_261\jre\lib\ext;C:\windows\Sun\Java\lib\ext"/>
    <property name="sun.io.unicode.encoding" value="UnicodeLittle"/>
    <property name="maven.repo.local" value="C:\Users\JiaXie\MavenRepository"/>
    <property name="java.class.version" value="52.0"/>
  </properties>
  <testcase name="shouldAnswerWithTrue" classname="com.gupaoedu.goods.AppTest" time="0"/>
</testsuite>